2020-12-22 20:07:08 [main] [com.cases.BaseCase] [INFO] - Excel数据回写成功.
2020-12-22 20:07:28 [main] [com.cases.BaseCase] [INFO] - -----执行用例,用例编号: 1,用例标题: 新增一级场景-----
2020-12-22 20:07:28 [main] [com.cases.BaseCase] [INFO] - 字段1: 断言失败！正则表达式字段：$.success,实际值：false，期望值：true
2020-12-22 20:07:28 [main] [com.cases.BaseCase] [INFO] - -----响应断言失败!!------
2020-12-22 20:07:28 [main] [com.cases.BaseCase] [INFO] - -----执行用例,用例编号: 2,用例标题: 新建二级场景-----
2020-12-22 20:07:28 [main] [com.cases.BaseCase] [INFO] - 字段1: 断言失败！正则表达式字段：$.success,实际值：false，期望值：true
2020-12-22 20:07:28 [main] [com.cases.BaseCase] [INFO] - -----响应断言失败!!------
2020-12-22 20:07:29 [main] [com.cases.BaseCase] [INFO] - -----执行用例,用例编号: 3,用例标题: 新建二级场景的事件-----
2020-12-22 20:07:29 [main] [com.cases.BaseCase] [INFO] - 字段1: 断言失败！正则表达式字段：$.success,实际值：false，期望值：true
2020-12-22 20:07:29 [main] [com.cases.BaseCase] [INFO] - -----响应断言失败!!------
2020-12-22 20:07:29 [main] [com.cases.BaseCase] [INFO] - -----执行用例,用例编号: 4,用例标题: 二级场景事件删除-----
2020-12-22 20:07:29 [main] [com.cases.BaseCase] [INFO] - 字段1: 断言失败！正则表达式字段：$.success,实际值：null，期望值：true
2020-12-22 20:07:29 [main] [com.cases.BaseCase] [INFO] - -----响应断言失败!!------
2020-12-22 20:07:30 [main] [com.cases.BaseCase] [INFO] - -----执行用例,用例编号: 5,用例标题: 删除二级场景-----
2020-12-22 20:07:30 [main] [com.cases.BaseCase] [INFO] - 字段1: 断言失败！正则表达式字段：$.code,实际值：null，期望值：success
2020-12-22 20:07:30 [main] [com.cases.BaseCase] [INFO] - 字段2: 断言失败！正则表达式字段：$.success,实际值：false，期望值：true
2020-12-22 20:07:30 [main] [com.cases.BaseCase] [INFO] - 字段3: 断言失败！正则表达式字段：$.msg,实际值：null，期望值：操作成功
2020-12-22 20:07:30 [main] [com.cases.BaseCase] [INFO] - 字段4: 断言失败！正则表达式字段：$.total,实际值：null，期望值：0
2020-12-22 20:07:30 [main] [com.cases.BaseCase] [INFO] - -----响应断言失败!!------
2020-12-22 20:07:30 [main] [com.cases.BaseCase] [INFO] - -----执行用例,用例编号: 6,用例标题: 删除一级场景-----
2020-12-22 20:07:30 [main] [com.cases.BaseCase] [INFO] - 字段1: 断言失败！正则表达式字段：$.code,实际值：null，期望值：success
2020-12-22 20:07:30 [main] [com.cases.BaseCase] [INFO] - 字段2: 断言失败！正则表达式字段：$.success,实际值：false，期望值：true
2020-12-22 20:07:30 [main] [com.cases.BaseCase] [INFO] - 字段3: 断言失败！正则表达式字段：$.msg,实际值：null，期望值：操作成功
2020-12-22 20:07:30 [main] [com.cases.BaseCase] [INFO] - 字段4: 断言失败！正则表达式字段：$.total,实际值：null，期望值：0
2020-12-22 20:07:30 [main] [com.cases.BaseCase] [INFO] - -----响应断言失败!!------
2020-12-22 20:07:30 [main] [com.cases.BaseCase] [INFO] - Excel数据回写成功.
2020-12-22 20:09:23 [main] [com.cases.BaseCase] [INFO] - -----执行用例,用例编号: 1,用例标题: 新增一级场景-----
2020-12-22 20:09:23 [main] [com.cases.BaseCase] [INFO] - 字段1: 断言失败！正则表达式字段：$.success,实际值：false，期望值：true
2020-12-22 20:09:23 [main] [com.cases.BaseCase] [INFO] - -----响应断言失败!!------
2020-12-22 20:09:23 [main] [com.cases.BaseCase] [INFO] - -----执行用例,用例编号: 2,用例标题: 新建二级场景-----
2020-12-22 20:09:23 [main] [com.cases.BaseCase] [INFO] - 字段1: 断言失败！正则表达式字段：$.success,实际值：false，期望值：true
2020-12-22 20:09:23 [main] [com.cases.BaseCase] [INFO] - -----响应断言失败!!------
2020-12-22 20:09:23 [main] [com.cases.BaseCase] [INFO] - -----执行用例,用例编号: 3,用例标题: 新建二级场景的事件-----
2020-12-22 20:09:23 [main] [com.cases.BaseCase] [INFO] - 字段1: 断言失败！正则表达式字段：$.success,实际值：false，期望值：true
2020-12-22 20:09:23 [main] [com.cases.BaseCase] [INFO] - -----响应断言失败!!------
2020-12-22 20:09:24 [main] [com.cases.BaseCase] [INFO] - -----执行用例,用例编号: 4,用例标题: 二级场景事件删除-----
2020-12-22 20:09:24 [main] [com.cases.BaseCase] [INFO] - -----响应断言成功------
2020-12-22 20:09:24 [main] [com.cases.BaseCase] [INFO] - -----执行用例,用例编号: 5,用例标题: 删除二级场景-----
2020-12-22 20:09:24 [main] [com.cases.BaseCase] [INFO] - 字段1: 断言失败！正则表达式字段：$.code,实际值：null，期望值：success
2020-12-22 20:09:24 [main] [com.cases.BaseCase] [INFO] - 字段2: 断言失败！正则表达式字段：$.success,实际值：false，期望值：true
2020-12-22 20:09:24 [main] [com.cases.BaseCase] [INFO] - 字段3: 断言失败！正则表达式字段：$.msg,实际值：null，期望值：操作成功
2020-12-22 20:09:24 [main] [com.cases.BaseCase] [INFO] - 字段4: 断言失败！正则表达式字段：$.total,实际值：null，期望值：0
2020-12-22 20:09:24 [main] [com.cases.BaseCase] [INFO] - -----响应断言失败!!------
2020-12-22 20:09:24 [main] [com.cases.BaseCase] [INFO] - -----执行用例,用例编号: 6,用例标题: 删除一级场景-----
2020-12-22 20:09:24 [main] [com.cases.BaseCase] [INFO] - 字段1: 断言失败！正则表达式字段：$.code,实际值：null，期望值：success
2020-12-22 20:09:24 [main] [com.cases.BaseCase] [INFO] - 字段2: 断言失败！正则表达式字段：$.success,实际值：false，期望值：true
2020-12-22 20:09:24 [main] [com.cases.BaseCase] [INFO] - 字段3: 断言失败！正则表达式字段：$.msg,实际值：null，期望值：操作成功
2020-12-22 20:09:24 [main] [com.cases.BaseCase] [INFO] - 字段4: 断言失败！正则表达式字段：$.total,实际值：null，期望值：0
2020-12-22 20:09:24 [main] [com.cases.BaseCase] [INFO] - -----响应断言失败!!------
2020-12-22 20:09:25 [main] [com.cases.BaseCase] [INFO] - Excel数据回写成功.
2020-12-22 20:11:10 [main] [com.cases.BaseCase] [INFO] - -----执行用例,用例编号: 1,用例标题: 新增一级场景-----
2020-12-22 20:11:10 [main] [com.cases.BaseCase] [INFO] - 字段1: 断言失败！正则表达式字段：$.success,实际值：false，期望值：true
2020-12-22 20:11:10 [main] [com.cases.BaseCase] [INFO] - -----响应断言失败!!------
2020-12-22 20:11:10 [main] [com.cases.BaseCase] [INFO] - -----执行用例,用例编号: 2,用例标题: 新建二级场景-----
2020-12-22 20:11:10 [main] [com.cases.BaseCase] [INFO] - 字段1: 断言失败！正则表达式字段：$.success,实际值：false，期望值：true
2020-12-22 20:11:10 [main] [com.cases.BaseCase] [INFO] - -----响应断言失败!!------
2020-12-22 20:11:10 [main] [com.cases.BaseCase] [INFO] - -----执行用例,用例编号: 3,用例标题: 新建二级场景的事件-----
2020-12-22 20:11:10 [main] [com.cases.BaseCase] [INFO] - 字段1: 断言失败！正则表达式字段：$.success,实际值：false，期望值：true
2020-12-22 20:11:10 [main] [com.cases.BaseCase] [INFO] - -----响应断言失败!!------
2020-12-22 20:11:11 [main] [com.cases.BaseCase] [INFO] - -----执行用例,用例编号: 4,用例标题: 二级场景事件删除-----
2020-12-22 20:11:11 [main] [com.cases.BaseCase] [INFO] - -----响应断言成功------
2020-12-22 20:11:11 [main] [com.cases.BaseCase] [INFO] - -----执行用例,用例编号: 5,用例标题: 删除二级场景-----
2020-12-22 20:11:11 [main] [com.cases.BaseCase] [INFO] - 字段1: 断言失败！正则表达式字段：$.code,实际值：null，期望值：success
2020-12-22 20:11:11 [main] [com.cases.BaseCase] [INFO] - 字段2: 断言失败！正则表达式字段：$.success,实际值：false，期望值：true
2020-12-22 20:11:11 [main] [com.cases.BaseCase] [INFO] - 字段3: 断言失败！正则表达式字段：$.msg,实际值：null，期望值：操作成功
2020-12-22 20:11:11 [main] [com.cases.BaseCase] [INFO] - 字段4: 断言失败！正则表达式字段：$.total,实际值：null，期望值：0
2020-12-22 20:11:11 [main] [com.cases.BaseCase] [INFO] - -----响应断言失败!!------
2020-12-22 20:11:12 [main] [com.cases.BaseCase] [INFO] - -----执行用例,用例编号: 6,用例标题: 删除一级场景-----
2020-12-22 20:11:12 [main] [com.cases.BaseCase] [INFO] - 字段1: 断言失败！正则表达式字段：$.code,实际值：null，期望值：success
2020-12-22 20:11:12 [main] [com.cases.BaseCase] [INFO] - 字段2: 断言失败！正则表达式字段：$.success,实际值：false，期望值：true
2020-12-22 20:11:12 [main] [com.cases.BaseCase] [INFO] - 字段3: 断言失败！正则表达式字段：$.msg,实际值：null，期望值：操作成功
2020-12-22 20:11:12 [main] [com.cases.BaseCase] [INFO] - 字段4: 断言失败！正则表达式字段：$.total,实际值：null，期望值：0
2020-12-22 20:11:12 [main] [com.cases.BaseCase] [INFO] - -----响应断言失败!!------
2020-12-22 20:11:12 [main] [com.cases.BaseCase] [INFO] - Excel数据回写成功.
2020-12-22 20:15:02 [main] [com.cases.BaseCase] [INFO] - -----执行用例,用例编号: 1,用例标题: 新增一级场景-----
2020-12-22 20:15:02 [main] [com.cases.BaseCase] [INFO] - 字段1: 断言失败！正则表达式字段：$.success,实际值：false，期望值：true
2020-12-22 20:15:02 [main] [com.cases.BaseCase] [INFO] - -----响应断言失败!!------
2020-12-22 20:15:02 [main] [com.cases.BaseCase] [INFO] - -----执行用例,用例编号: 2,用例标题: 新建二级场景-----
2020-12-22 20:15:02 [main] [com.cases.BaseCase] [INFO] - 字段1: 断言失败！正则表达式字段：$.success,实际值：false，期望值：true
2020-12-22 20:15:02 [main] [com.cases.BaseCase] [INFO] - -----响应断言失败!!------
2020-12-22 20:15:03 [main] [com.cases.BaseCase] [INFO] - -----执行用例,用例编号: 3,用例标题: 新建二级场景的事件-----
2020-12-22 20:15:03 [main] [com.cases.BaseCase] [INFO] - 字段1: 断言失败！正则表达式字段：$.success,实际值：false，期望值：true
2020-12-22 20:15:03 [main] [com.cases.BaseCase] [INFO] - -----响应断言失败!!------
2020-12-22 20:15:04 [main] [com.utils.HttpUtils] [INFO] - 请求连接：http://10.100.1.129:7150/ss/sdm/rs/sd/config/event/deleteEvent?ids=28sf59iljrt0s
2020-12-22 20:15:04 [main] [com.cases.BaseCase] [INFO] - -----执行用例,用例编号: 4,用例标题: 二级场景事件删除-----
2020-12-22 20:15:04 [main] [com.cases.BaseCase] [INFO] - -----响应断言成功------
2020-12-22 20:15:04 [main] [com.utils.HttpUtils] [INFO] - 请求连接：http://10.100.1.129:7150/ss/sdm/rs/sd/config/channel/delete?ids=$params
2020-12-22 20:15:04 [main] [com.cases.BaseCase] [INFO] - -----执行用例,用例编号: 5,用例标题: 删除二级场景-----
2020-12-22 20:15:04 [main] [com.cases.BaseCase] [INFO] - 字段1: 断言失败！正则表达式字段：$.code,实际值：null，期望值：success
2020-12-22 20:15:04 [main] [com.cases.BaseCase] [INFO] - 字段2: 断言失败！正则表达式字段：$.success,实际值：false，期望值：true
2020-12-22 20:15:04 [main] [com.cases.BaseCase] [INFO] - 字段3: 断言失败！正则表达式字段：$.msg,实际值：null，期望值：操作成功
2020-12-22 20:15:04 [main] [com.cases.BaseCase] [INFO] - 字段4: 断言失败！正则表达式字段：$.total,实际值：null，期望值：0
2020-12-22 20:15:04 [main] [com.cases.BaseCase] [INFO] - -----响应断言失败!!------
2020-12-22 20:15:04 [main] [com.utils.HttpUtils] [INFO] - 请求连接：http://10.100.1.129:7150/ss/sdm/rs/sd/config/channel/delete?ids=$params
2020-12-22 20:15:04 [main] [com.cases.BaseCase] [INFO] - -----执行用例,用例编号: 6,用例标题: 删除一级场景-----
2020-12-22 20:15:04 [main] [com.cases.BaseCase] [INFO] - 字段1: 断言失败！正则表达式字段：$.code,实际值：null，期望值：success
2020-12-22 20:15:04 [main] [com.cases.BaseCase] [INFO] - 字段2: 断言失败！正则表达式字段：$.success,实际值：false，期望值：true
2020-12-22 20:15:04 [main] [com.cases.BaseCase] [INFO] - 字段3: 断言失败！正则表达式字段：$.msg,实际值：null，期望值：操作成功
2020-12-22 20:15:04 [main] [com.cases.BaseCase] [INFO] - 字段4: 断言失败！正则表达式字段：$.total,实际值：null，期望值：0
2020-12-22 20:15:04 [main] [com.cases.BaseCase] [INFO] - -----响应断言失败!!------
2020-12-22 20:15:04 [main] [com.cases.BaseCase] [INFO] - Excel数据回写成功.
2020-12-22 20:19:53 [main] [com.cases.BaseCase] [INFO] - -----执行用例,用例编号: 1,用例标题: 新增一级场景-----
2020-12-22 20:19:53 [main] [com.cases.BaseCase] [INFO] - 字段1: 断言失败！正则表达式字段：$.success,实际值：false，期望值：true
2020-12-22 20:19:53 [main] [com.cases.BaseCase] [INFO] - -----响应断言失败!!------
2020-12-22 20:19:53 [main] [com.cases.BaseCase] [INFO] - -----执行用例,用例编号: 2,用例标题: 新建二级场景-----
2020-12-22 20:19:53 [main] [com.cases.BaseCase] [INFO] - 字段1: 断言失败！正则表达式字段：$.success,实际值：false，期望值：true
2020-12-22 20:19:53 [main] [com.cases.BaseCase] [INFO] - -----响应断言失败!!------
2020-12-22 20:19:53 [main] [com.cases.BaseCase] [INFO] - -----执行用例,用例编号: 3,用例标题: 新建二级场景的事件-----
2020-12-22 20:19:53 [main] [com.cases.BaseCase] [INFO] - 字段1: 断言失败！正则表达式字段：$.success,实际值：false，期望值：true
2020-12-22 20:19:53 [main] [com.cases.BaseCase] [INFO] - -----响应断言失败!!------
2020-12-22 20:19:54 [main] [com.utils.HttpUtils] [INFO] - 请求连接：http://10.100.1.129:7150/ss/sdm/rs/sd/config/event/deleteEvent?ids=28sfbjtkjrt0
2020-12-22 20:19:54 [main] [com.cases.BaseCase] [INFO] - -----执行用例,用例编号: 4,用例标题: 二级场景事件删除-----
2020-12-22 20:19:54 [main] [com.cases.BaseCase] [INFO] - -----响应断言成功------
2020-12-22 20:19:55 [main] [com.cases.BaseCase] [INFO] - Excel数据回写成功.
2020-12-22 20:21:16 [main] [com.cases.BaseCase] [INFO] - Excel数据回写成功.
2020-12-22 20:21:39 [main] [com.cases.BaseCase] [INFO] - -----执行用例,用例编号: 1,用例标题: 新增一级场景-----
2020-12-22 20:21:39 [main] [com.cases.BaseCase] [INFO] - 字段1: 断言失败！正则表达式字段：$.success,实际值：false，期望值：true
2020-12-22 20:21:39 [main] [com.cases.BaseCase] [INFO] - -----响应断言失败!!------
2020-12-22 20:21:39 [main] [com.cases.BaseCase] [INFO] - -----执行用例,用例编号: 2,用例标题: 新建二级场景-----
2020-12-22 20:21:39 [main] [com.cases.BaseCase] [INFO] - 字段1: 断言失败！正则表达式字段：$.success,实际值：false，期望值：true
2020-12-22 20:21:39 [main] [com.cases.BaseCase] [INFO] - -----响应断言失败!!------
2020-12-22 20:21:42 [main] [com.cases.BaseCase] [INFO] - -----执行用例,用例编号: 3,用例标题: 新建二级场景的事件-----
2020-12-22 20:21:42 [main] [com.cases.BaseCase] [INFO] - -----响应断言成功------
2020-12-22 20:21:43 [main] [com.utils.HttpUtils] [INFO] - 请求连接：http://10.100.1.129:7150/ss/sdm/rs/sd/config/event/deleteEvent?ids=28sfjrofjrt0
2020-12-22 20:21:43 [main] [com.cases.BaseCase] [INFO] - -----执行用例,用例编号: 4,用例标题: 二级场景事件删除-----
2020-12-22 20:21:43 [main] [com.cases.BaseCase] [INFO] - -----响应断言成功------
2020-12-22 20:21:44 [main] [com.utils.HttpUtils] [INFO] - 请求连接：http://10.100.1.129:7150/ss/sdm/rs/sd/config/channel/delete?ids=scene01
2020-12-22 20:21:44 [main] [com.cases.BaseCase] [INFO] - -----执行用例,用例编号: 6,用例标题: 删除一级场景-----
2020-12-22 20:21:44 [main] [com.cases.BaseCase] [INFO] - 字段1: 断言失败！正则表达式字段：$.code,实际值：null，期望值：success
2020-12-22 20:21:44 [main] [com.cases.BaseCase] [INFO] - 字段2: 断言失败！正则表达式字段：$.success,实际值：false，期望值：true
2020-12-22 20:21:44 [main] [com.cases.BaseCase] [INFO] - 字段3: 断言失败！正则表达式字段：$.msg,实际值：null，期望值：操作成功
2020-12-22 20:21:44 [main] [com.cases.BaseCase] [INFO] - 字段4: 断言失败！正则表达式字段：$.total,实际值：null，期望值：0
2020-12-22 20:21:44 [main] [com.cases.BaseCase] [INFO] - -----响应断言失败!!------
2020-12-22 20:21:44 [main] [com.cases.BaseCase] [INFO] - Excel数据回写成功.
2020-12-22 20:53:23 [main] [com.cases.BaseCase] [INFO] - -----执行用例,用例编号: 1,用例标题: 新增一级场景-----
2020-12-22 20:53:23 [main] [com.cases.BaseCase] [INFO] - 字段1: 断言失败！正则表达式字段：$.success,实际值：false，期望值：true
2020-12-22 20:53:23 [main] [com.cases.BaseCase] [INFO] - -----响应断言失败!!------
2020-12-22 20:53:23 [main] [com.cases.BaseCase] [INFO] - -----执行用例,用例编号: 2,用例标题: 新建二级场景-----
2020-12-22 20:53:23 [main] [com.cases.BaseCase] [INFO] - 字段1: 断言失败！正则表达式字段：$.success,实际值：false，期望值：true
2020-12-22 20:53:23 [main] [com.cases.BaseCase] [INFO] - -----响应断言失败!!------
2020-12-22 20:53:26 [main] [com.cases.BaseCase] [INFO] - -----执行用例,用例编号: 3,用例标题: 新建二级场景的事件-----
2020-12-22 20:53:26 [main] [com.cases.BaseCase] [INFO] - -----响应断言成功------
2020-12-22 20:53:27 [main] [com.utils.HttpUtils] [INFO] - 请求连接：http://10.100.1.129:7150/ss/sdm/rs/sd/config/event/deleteEvent?ids=28shdupcjrt0
2020-12-22 20:53:27 [main] [com.cases.BaseCase] [INFO] - -----执行用例,用例编号: 4,用例标题: 二级场景事件删除-----
2020-12-22 20:53:27 [main] [com.cases.BaseCase] [INFO] - -----响应断言成功------
2020-12-22 20:53:28 [main] [com.utils.HttpUtils] [INFO] - 请求连接：http://10.100.1.129:7150/ss/sdm/rs/sd/config/channel/delete?ids=scene02
2020-12-22 20:53:28 [main] [com.cases.BaseCase] [INFO] - -----执行用例,用例编号: 5,用例标题: 删除二级场景-----
2020-12-22 20:53:28 [main] [com.cases.BaseCase] [INFO] - -----响应断言成功------
2020-12-22 20:53:29 [main] [com.utils.HttpUtils] [INFO] - 请求连接：http://10.100.1.129:7150/ss/sdm/rs/sd/config/channel/delete?ids=scene01
2020-12-22 20:53:29 [main] [com.cases.BaseCase] [INFO] - -----执行用例,用例编号: 6,用例标题: 删除一级场景-----
2020-12-22 20:53:29 [main] [com.cases.BaseCase] [INFO] - -----响应断言成功------
2020-12-22 20:53:29 [main] [com.cases.BaseCase] [INFO] - Excel数据回写成功.
2020-12-22 20:53:50 [main] [com.cases.BaseCase] [INFO] - -----执行用例,用例编号: 1,用例标题: 新增一级场景-----
2020-12-22 20:53:50 [main] [com.cases.BaseCase] [INFO] - -----响应断言成功------
2020-12-22 20:53:50 [main] [com.cases.BaseCase] [INFO] - -----执行用例,用例编号: 2,用例标题: 新建二级场景-----
2020-12-22 20:53:50 [main] [com.cases.BaseCase] [INFO] - -----响应断言成功------
2020-12-22 20:53:53 [main] [com.cases.BaseCase] [INFO] - -----执行用例,用例编号: 3,用例标题: 新建二级场景的事件-----
2020-12-22 20:53:53 [main] [com.cases.BaseCase] [INFO] - -----响应断言成功------
2020-12-22 20:53:54 [main] [com.utils.HttpUtils] [INFO] - 请求连接：http://10.100.1.129:7150/ss/sdm/rs/sd/config/event/deleteEvent?ids=28shep05jrt0
2020-12-22 20:53:54 [main] [com.cases.BaseCase] [INFO] - -----执行用例,用例编号: 4,用例标题: 二级场景事件删除-----
2020-12-22 20:53:54 [main] [com.cases.BaseCase] [INFO] - -----响应断言成功------
2020-12-22 20:53:55 [main] [com.utils.HttpUtils] [INFO] - 请求连接：http://10.100.1.129:7150/ss/sdm/rs/sd/config/channel/delete?ids=scene02
2020-12-22 20:53:55 [main] [com.cases.BaseCase] [INFO] - -----执行用例,用例编号: 5,用例标题: 删除二级场景-----
2020-12-22 20:53:55 [main] [com.cases.BaseCase] [INFO] - -----响应断言成功------
2020-12-22 20:53:56 [main] [com.utils.HttpUtils] [INFO] - 请求连接：http://10.100.1.129:7150/ss/sdm/rs/sd/config/channel/delete?ids=scene01
2020-12-22 20:53:56 [main] [com.cases.BaseCase] [INFO] - -----执行用例,用例编号: 6,用例标题: 删除一级场景-----
2020-12-22 20:53:56 [main] [com.cases.BaseCase] [INFO] - -----响应断言成功------
2020-12-22 20:53:56 [main] [com.cases.BaseCase] [INFO] - Excel数据回写成功.
2020-12-22 20:55:08 [main] [com.cases.BaseCase] [INFO] - -----执行用例,用例编号: 1,用例标题: 新增一级场景-----
2020-12-22 20:55:08 [main] [com.cases.BaseCase] [INFO] - -----响应断言成功------
2020-12-22 20:55:08 [main] [com.cases.BaseCase] [INFO] - -----执行用例,用例编号: 2,用例标题: 新建二级场景-----
2020-12-22 20:55:08 [main] [com.cases.BaseCase] [INFO] - -----响应断言成功------
2020-12-22 20:55:11 [main] [com.cases.BaseCase] [INFO] - -----执行用例,用例编号: 3,用例标题: 新建二级场景的事件-----
2020-12-22 20:55:11 [main] [com.cases.BaseCase] [INFO] - -----响应断言成功------
2020-12-22 20:55:12 [main] [com.utils.HttpUtils] [INFO] - 请求连接：http://10.100.1.129:7150/ss/sdm/rs/sd/config/event/deleteEvent?ids=28shh5eijrt0
2020-12-22 20:55:12 [main] [com.cases.BaseCase] [INFO] - -----执行用例,用例编号: 4,用例标题: 二级场景事件删除-----
2020-12-22 20:55:12 [main] [com.cases.BaseCase] [INFO] - -----响应断言成功------
2020-12-22 20:55:13 [main] [com.utils.HttpUtils] [INFO] - 请求连接：http://10.100.1.129:7150/ss/sdm/rs/sd/config/channel/delete?ids=scene02
2020-12-22 20:55:13 [main] [com.cases.BaseCase] [INFO] - -----执行用例,用例编号: 5,用例标题: 删除二级场景-----
2020-12-22 20:55:13 [main] [com.cases.BaseCase] [INFO] - -----响应断言成功------
2020-12-22 20:55:14 [main] [com.utils.HttpUtils] [INFO] - 请求连接：http://10.100.1.129:7150/ss/sdm/rs/sd/config/channel/delete?ids=scene01
2020-12-22 20:55:14 [main] [com.cases.BaseCase] [INFO] - -----执行用例,用例编号: 6,用例标题: 删除一级场景-----
2020-12-22 20:55:14 [main] [com.cases.BaseCase] [INFO] - -----响应断言成功------
2020-12-22 20:55:14 [main] [com.cases.BaseCase] [INFO] - Excel数据回写成功.
2020-12-22 20:56:42 [main] [com.cases.BaseCase] [INFO] - -----执行用例,用例编号: 1,用例标题: 新增一级场景-----
2020-12-22 20:56:42 [main] [com.cases.BaseCase] [INFO] - -----响应断言成功------
2020-12-22 20:56:42 [main] [com.cases.BaseCase] [INFO] - -----执行用例,用例编号: 2,用例标题: 新建二级场景-----
2020-12-22 20:56:42 [main] [com.cases.BaseCase] [INFO] - -----响应断言成功------
2020-12-22 20:56:45 [main] [com.cases.BaseCase] [INFO] - -----执行用例,用例编号: 3,用例标题: 新建二级场景的事件-----
2020-12-22 20:56:45 [main] [com.cases.BaseCase] [INFO] - -----响应断言成功------
2020-12-22 20:56:46 [main] [com.utils.HttpUtils] [INFO] - 请求连接：http://10.100.1.129:7150/ss/sdm/rs/sd/config/event/deleteEvent?ids=28shk0r3jrt0
2020-12-22 20:56:46 [main] [com.cases.BaseCase] [INFO] - -----执行用例,用例编号: 4,用例标题: 二级场景事件删除-----
2020-12-22 20:56:46 [main] [com.cases.BaseCase] [INFO] - -----响应断言成功------
2020-12-22 20:56:47 [main] [com.utils.HttpUtils] [INFO] - 请求连接：http://10.100.1.129:7150/ss/sdm/rs/sd/config/channel/delete?ids=scene02
2020-12-22 20:56:47 [main] [com.cases.BaseCase] [INFO] - -----执行用例,用例编号: 5,用例标题: 删除二级场景-----
2020-12-22 20:56:47 [main] [com.cases.BaseCase] [INFO] - -----响应断言成功------
2020-12-22 20:56:48 [main] [com.utils.HttpUtils] [INFO] - 请求连接：http://10.100.1.129:7150/ss/sdm/rs/sd/config/channel/delete?ids=scene01
2020-12-22 20:56:48 [main] [com.cases.BaseCase] [INFO] - -----执行用例,用例编号: 6,用例标题: 删除一级场景-----
2020-12-22 20:56:48 [main] [com.cases.BaseCase] [INFO] - -----响应断言成功------
2020-12-22 20:56:48 [main] [com.cases.BaseCase] [INFO] - Excel数据回写成功.
2020-12-22 20:57:52 [main] [com.cases.BaseCase] [INFO] - -----执行用例,用例编号: 1,用例标题: 新建验证策略，优先级输入0~10000的整数且不能重复-----
2020-12-22 20:57:52 [main] [com.cases.BaseCase] [INFO] - -----响应断言成功------
2020-12-22 20:57:52 [main] [com.cases.BaseCase] [INFO] - -----执行用例,用例编号: 2,用例标题: 查询验证策略列表中所有策略-----
2020-12-22 20:57:52 [main] [com.cases.BaseCase] [INFO] - -----响应断言成功------
2020-12-22 20:57:53 [main] [com.cases.BaseCase] [INFO] - -----执行用例,用例编号: 3,用例标题: 获取到针对某个id的验证策略信息-----
2020-12-22 20:57:53 [main] [com.cases.BaseCase] [INFO] - 字段1: 断言失败！正则表达式字段：$.data.priority,实际值：null，期望值：13
2020-12-22 20:57:53 [main] [com.cases.BaseCase] [INFO] - 字段2: 断言失败！正则表达式字段：$.data.updateBy,实际值：null，期望值：admin
2020-12-22 20:57:53 [main] [com.cases.BaseCase] [INFO] - 字段4: 断言失败！正则表达式字段：$.data.type,实际值：null，期望值：VERIFY
2020-12-22 20:57:53 [main] [com.cases.BaseCase] [INFO] - 字段5: 断言失败！正则表达式字段：$.data.createBy,实际值：null，期望值：admin
2020-12-22 20:57:53 [main] [com.cases.BaseCase] [INFO] - 字段6: 断言失败！正则表达式字段：$.data.createTime,实际值：null，期望值：1600065254590
2020-12-22 20:57:53 [main] [com.cases.BaseCase] [INFO] - 字段7: 断言失败！正则表达式字段：$.data.name,实际值：null，期望值：验证策略bysystest
2020-12-22 20:57:53 [main] [com.cases.BaseCase] [INFO] - 字段8: 断言失败！正则表达式字段：$.data.code,实际值：null，期望值：verifybysystest
2020-12-22 20:57:53 [main] [com.cases.BaseCase] [INFO] - 字段9: 断言失败！正则表达式字段：$.data.id,实际值：null，期望值：1pkl0d9dofs0
2020-12-22 20:57:53 [main] [com.cases.BaseCase] [INFO] - 字段10: 断言失败！正则表达式字段：$.data.sceneId,实际值：null，期望值：firstbysystest
2020-12-22 20:57:53 [main] [com.cases.BaseCase] [INFO] - -----响应断言失败!!------
2020-12-22 20:57:54 [main] [com.utils.HttpUtils] [INFO] - 请求连接：http://10.100.1.129:7150/ss/sdm/rs/sd/config/label/delete?ids=28shm4qdjrt0&labelType=VERIFY
2020-12-22 20:57:54 [main] [com.cases.BaseCase] [INFO] - -----执行用例,用例编号: 4,用例标题: 根据id删除验证策略，支持批量-----
2020-12-22 20:57:54 [main] [com.cases.BaseCase] [INFO] - -----响应断言成功------
2020-12-22 20:57:54 [main] [com.cases.BaseCase] [INFO] - -----执行用例,用例编号: 5,用例标题: 查询分组策略列表中所有策略-----
2020-12-22 20:57:54 [main] [com.cases.BaseCase] [INFO] - -----响应断言成功------
2020-12-22 20:57:54 [main] [com.cases.BaseCase] [INFO] - -----执行用例,用例编号: 6,用例标题: 修改验证策略，代码不允许修改-----
2020-12-22 20:57:54 [main] [com.cases.BaseCase] [INFO] - -----响应断言成功------
2020-12-22 20:57:55 [main] [com.cases.BaseCase] [INFO] - -----执行用例,用例编号: 7,用例标题: 新建分组策略-----
2020-12-22 20:57:55 [main] [com.cases.BaseCase] [INFO] - -----响应断言成功------
2020-12-22 20:57:55 [main] [com.cases.BaseCase] [INFO] - -----执行用例,用例编号: 8,用例标题: 修改分组策略，代码不允许修改-----
2020-12-22 20:57:55 [main] [com.cases.BaseCase] [INFO] - -----响应断言成功------
2020-12-22 20:57:56 [main] [com.utils.HttpUtils] [INFO] - 请求连接：http://10.100.1.129:7150/ss/sdm/rs/sd/config/label/delete?ids=28shm7a2jrt0&labelType=GROUP
2020-12-22 20:57:56 [main] [com.cases.BaseCase] [INFO] - -----执行用例,用例编号: 9,用例标题: 根据id删除分组策略，支持批量-----
2020-12-22 20:57:56 [main] [com.cases.BaseCase] [INFO] - -----响应断言成功------
2020-12-22 20:57:56 [main] [com.cases.BaseCase] [INFO] - -----执行用例,用例编号: 10,用例标题: 查询风险类型列表-----
2020-12-22 20:57:56 [main] [com.cases.BaseCase] [INFO] - -----响应断言成功------
2020-12-22 20:57:56 [main] [com.cases.BaseCase] [INFO] - -----执行用例,用例编号: 11,用例标题: 新建风险类型-----
2020-12-22 20:57:56 [main] [com.cases.BaseCase] [INFO] - -----响应断言成功------
2020-12-22 20:57:56 [main] [com.cases.BaseCase] [INFO] - -----执行用例,用例编号: 12,用例标题: 更新风险类型-----
2020-12-22 20:57:56 [main] [com.cases.BaseCase] [INFO] - -----响应断言成功------
2020-12-22 20:57:57 [main] [com.utils.HttpUtils] [INFO] - 请求连接：http://10.100.1.129:7150/ss/sdm/rs/sd/config/label/delete?ids=28shm8sfjrt0&labelType=RISK_LEVEL
2020-12-22 20:57:57 [main] [com.cases.BaseCase] [INFO] - -----执行用例,用例编号: 13,用例标题: 删除风险类型-----
2020-12-22 20:57:57 [main] [com.cases.BaseCase] [INFO] - -----响应断言成功------
2020-12-22 20:57:57 [main] [com.cases.BaseCase] [INFO] - Excel数据回写成功.
2020-12-22 21:02:27 [main] [com.cases.BaseCase] [INFO] - -----执行用例,用例编号: 1,用例标题: 新建验证策略，优先级输入0~10000的整数且不能重复-----
2020-12-22 21:02:27 [main] [com.cases.BaseCase] [INFO] - -----响应断言成功------
2020-12-22 21:02:28 [main] [com.cases.BaseCase] [INFO] - -----执行用例,用例编号: 2,用例标题: 查询验证策略列表中所有策略-----
2020-12-22 21:02:28 [main] [com.cases.BaseCase] [INFO] - -----响应断言成功------
2020-12-22 21:02:28 [main] [com.cases.BaseCase] [INFO] - -----执行用例,用例编号: 3,用例标题: 获取到针对某个id的验证策略信息-----
2020-12-22 21:02:28 [main] [com.cases.BaseCase] [INFO] - 字段1: 断言失败！正则表达式字段：$.data.priority,实际值：null，期望值：13
2020-12-22 21:02:28 [main] [com.cases.BaseCase] [INFO] - 字段2: 断言失败！正则表达式字段：$.data.updateBy,实际值：null，期望值：admin
2020-12-22 21:02:28 [main] [com.cases.BaseCase] [INFO] - 字段4: 断言失败！正则表达式字段：$.data.type,实际值：null，期望值：VERIFY
2020-12-22 21:02:28 [main] [com.cases.BaseCase] [INFO] - 字段5: 断言失败！正则表达式字段：$.data.createBy,实际值：null，期望值：admin
2020-12-22 21:02:28 [main] [com.cases.BaseCase] [INFO] - 字段6: 断言失败！正则表达式字段：$.data.createTime,实际值：null，期望值：1600065254590
2020-12-22 21:02:28 [main] [com.cases.BaseCase] [INFO] - 字段7: 断言失败！正则表达式字段：$.data.name,实际值：null，期望值：验证策略bysystest
2020-12-22 21:02:28 [main] [com.cases.BaseCase] [INFO] - 字段8: 断言失败！正则表达式字段：$.data.code,实际值：null，期望值：verifybysystest
2020-12-22 21:02:28 [main] [com.cases.BaseCase] [INFO] - 字段9: 断言失败！正则表达式字段：$.data.id,实际值：null，期望值：1pkl0d9dofs0
2020-12-22 21:02:28 [main] [com.cases.BaseCase] [INFO] - 字段10: 断言失败！正则表达式字段：$.data.sceneId,实际值：null，期望值：firstbysystest
2020-12-22 21:02:28 [main] [com.cases.BaseCase] [INFO] - -----响应断言失败!!------
2020-12-22 21:02:29 [main] [com.utils.HttpUtils] [INFO] - 请求连接：http://10.100.1.129:7150/ss/sdm/rs/sd/config/label/delete?ids=28shuhh4jrt0&labelType=VERIFY
2020-12-22 21:02:29 [main] [com.cases.BaseCase] [INFO] - -----执行用例,用例编号: 4,用例标题: 根据id删除验证策略，支持批量-----
2020-12-22 21:02:29 [main] [com.cases.BaseCase] [INFO] - -----响应断言成功------
2020-12-22 21:02:29 [main] [com.cases.BaseCase] [INFO] - -----执行用例,用例编号: 5,用例标题: 查询分组策略列表中所有策略-----
2020-12-22 21:02:29 [main] [com.cases.BaseCase] [INFO] - -----响应断言成功------
2020-12-22 21:02:29 [main] [com.cases.BaseCase] [INFO] - -----执行用例,用例编号: 6,用例标题: 修改验证策略，代码不允许修改-----
2020-12-22 21:02:29 [main] [com.cases.BaseCase] [INFO] - -----响应断言成功------
2020-12-22 21:02:29 [main] [com.cases.BaseCase] [INFO] - -----执行用例,用例编号: 7,用例标题: 新建分组策略-----
2020-12-22 21:02:29 [main] [com.cases.BaseCase] [INFO] - -----响应断言成功------
2020-12-22 21:02:30 [main] [com.cases.BaseCase] [INFO] - -----执行用例,用例编号: 8,用例标题: 修改分组策略，代码不允许修改-----
2020-12-22 21:02:30 [main] [com.cases.BaseCase] [INFO] - -----响应断言成功------
2020-12-22 21:02:31 [main] [com.utils.HttpUtils] [INFO] - 请求连接：http://10.100.1.129:7150/ss/sdm/rs/sd/config/label/delete?ids=28shujddjrt0&labelType=GROUP
2020-12-22 21:02:31 [main] [com.cases.BaseCase] [INFO] - -----执行用例,用例编号: 9,用例标题: 根据id删除分组策略，支持批量-----
2020-12-22 21:02:31 [main] [com.cases.BaseCase] [INFO] - -----响应断言成功------
2020-12-22 21:02:31 [main] [com.cases.BaseCase] [INFO] - -----执行用例,用例编号: 10,用例标题: 查询风险类型列表-----
2020-12-22 21:02:31 [main] [com.cases.BaseCase] [INFO] - -----响应断言成功------
2020-12-22 21:02:31 [main] [com.cases.BaseCase] [INFO] - -----执行用例,用例编号: 11,用例标题: 新建风险类型-----
2020-12-22 21:02:31 [main] [com.cases.BaseCase] [INFO] - -----响应断言成功------
2020-12-22 21:02:31 [main] [com.cases.BaseCase] [INFO] - -----执行用例,用例编号: 12,用例标题: 更新风险类型-----
2020-12-22 21:02:31 [main] [com.cases.BaseCase] [INFO] - -----响应断言成功------
2020-12-22 21:02:32 [main] [com.utils.HttpUtils] [INFO] - 请求连接：http://10.100.1.129:7150/ss/sdm/rs/sd/config/label/delete?ids=28shulcvjrt0&labelType=RISK_LEVEL
2020-12-22 21:02:32 [main] [com.cases.BaseCase] [INFO] - -----执行用例,用例编号: 13,用例标题: 删除风险类型-----
2020-12-22 21:02:32 [main] [com.cases.BaseCase] [INFO] - -----响应断言成功------
2020-12-22 21:02:34 [main] [com.cases.BaseCase] [INFO] - Excel数据回写成功.
2020-12-22 21:03:15 [main] [com.cases.BaseCase] [INFO] - -----执行用例,用例编号: 1,用例标题: 新建验证策略，优先级输入0~10000的整数且不能重复-----
2020-12-22 21:03:15 [main] [com.cases.BaseCase] [INFO] - -----响应断言成功------
2020-12-22 21:03:15 [main] [com.cases.BaseCase] [INFO] - -----执行用例,用例编号: 2,用例标题: 查询验证策略列表中所有策略-----
2020-12-22 21:03:15 [main] [com.cases.BaseCase] [INFO] - -----响应断言成功------
2020-12-22 21:03:16 [main] [com.cases.BaseCase] [INFO] - -----执行用例,用例编号: 3,用例标题: 获取到针对某个id的验证策略信息-----
2020-12-22 21:03:16 [main] [com.cases.BaseCase] [INFO] - 字段1: 断言失败！正则表达式字段：$.data.priority,实际值：null，期望值：13
2020-12-22 21:03:16 [main] [com.cases.BaseCase] [INFO] - 字段2: 断言失败！正则表达式字段：$.data.updateBy,实际值：null，期望值：admin
2020-12-22 21:03:16 [main] [com.cases.BaseCase] [INFO] - 字段4: 断言失败！正则表达式字段：$.data.type,实际值：null，期望值：VERIFY
2020-12-22 21:03:16 [main] [com.cases.BaseCase] [INFO] - 字段5: 断言失败！正则表达式字段：$.data.createBy,实际值：null，期望值：admin
2020-12-22 21:03:16 [main] [com.cases.BaseCase] [INFO] - 字段6: 断言失败！正则表达式字段：$.data.createTime,实际值：null，期望值：1600065254590
2020-12-22 21:03:16 [main] [com.cases.BaseCase] [INFO] - 字段7: 断言失败！正则表达式字段：$.data.name,实际值：null，期望值：验证策略bysystest
2020-12-22 21:03:16 [main] [com.cases.BaseCase] [INFO] - 字段8: 断言失败！正则表达式字段：$.data.code,实际值：null，期望值：verifybysystest
2020-12-22 21:03:16 [main] [com.cases.BaseCase] [INFO] - 字段9: 断言失败！正则表达式字段：$.data.id,实际值：null，期望值：1pkl0d9dofs0
2020-12-22 21:03:16 [main] [com.cases.BaseCase] [INFO] - 字段10: 断言失败！正则表达式字段：$.data.sceneId,实际值：null，期望值：firstbysystest
2020-12-22 21:03:16 [main] [com.cases.BaseCase] [INFO] - -----响应断言失败!!------
2020-12-22 21:03:16 [main] [com.utils.HttpUtils] [INFO] - 请求连接：http://10.100.1.129:7150/ss/sdm/rs/sd/config/label/delete?ids=28si00ajjrt0&labelType=VERIFY
2020-12-22 21:03:16 [main] [com.cases.BaseCase] [INFO] - -----执行用例,用例编号: 4,用例标题: 根据id删除验证策略，支持批量-----
2020-12-22 21:03:16 [main] [com.cases.BaseCase] [INFO] - -----响应断言成功------
2020-12-22 21:03:17 [main] [com.cases.BaseCase] [INFO] - -----执行用例,用例编号: 5,用例标题: 查询分组策略列表中所有策略-----
2020-12-22 21:03:17 [main] [com.cases.BaseCase] [INFO] - -----响应断言成功------
2020-12-22 21:03:17 [main] [com.cases.BaseCase] [INFO] - -----执行用例,用例编号: 6,用例标题: 修改验证策略，代码不允许修改-----
2020-12-22 21:03:17 [main] [com.cases.BaseCase] [INFO] - -----响应断言成功------
2020-12-22 21:03:17 [main] [com.cases.BaseCase] [INFO] - -----执行用例,用例编号: 7,用例标题: 新建分组策略-----
2020-12-22 21:03:17 [main] [com.cases.BaseCase] [INFO] - -----响应断言成功------
2020-12-22 21:03:17 [main] [com.cases.BaseCase] [INFO] - -----执行用例,用例编号: 8,用例标题: 修改分组策略，代码不允许修改-----
2020-12-22 21:03:17 [main] [com.cases.BaseCase] [INFO] - -----响应断言成功------
2020-12-22 21:03:18 [main] [com.utils.HttpUtils] [INFO] - 请求连接：http://10.100.1.129:7150/ss/sdm/rs/sd/config/label/delete?ids=28si0232jrt0&labelType=GROUP
2020-12-22 21:03:18 [main] [com.cases.BaseCase] [INFO] - -----执行用例,用例编号: 9,用例标题: 根据id删除分组策略，支持批量-----
2020-12-22 21:03:18 [main] [com.cases.BaseCase] [INFO] - -----响应断言成功------
2020-12-22 21:03:18 [main] [com.cases.BaseCase] [INFO] - -----执行用例,用例编号: 10,用例标题: 查询风险类型列表-----
2020-12-22 21:03:18 [main] [com.cases.BaseCase] [INFO] - -----响应断言成功------
2020-12-22 21:03:19 [main] [com.cases.BaseCase] [INFO] - -----执行用例,用例编号: 11,用例标题: 新建风险类型-----
2020-12-22 21:03:19 [main] [com.cases.BaseCase] [INFO] - -----响应断言成功------
2020-12-22 21:03:19 [main] [com.cases.BaseCase] [INFO] - -----执行用例,用例编号: 12,用例标题: 更新风险类型-----
2020-12-22 21:03:19 [main] [com.cases.BaseCase] [INFO] - -----响应断言成功------
2020-12-22 21:03:20 [main] [com.utils.HttpUtils] [INFO] - 请求连接：http://10.100.1.129:7150/ss/sdm/rs/sd/config/label/delete?ids=28si03l0jrt0&labelType=RISK_LEVEL
2020-12-22 21:03:20 [main] [com.cases.BaseCase] [INFO] - -----执行用例,用例编号: 13,用例标题: 删除风险类型-----
2020-12-22 21:03:20 [main] [com.cases.BaseCase] [INFO] - -----响应断言成功------
2020-12-22 21:03:20 [main] [com.cases.BaseCase] [INFO] - -----执行用例,用例编号: 1,用例标题: 新增一级场景-----
2020-12-22 21:03:20 [main] [com.cases.BaseCase] [INFO] - -----响应断言成功------
2020-12-22 21:03:20 [main] [com.cases.BaseCase] [INFO] - -----执行用例,用例编号: 2,用例标题: 新建二级场景-----
2020-12-22 21:03:20 [main] [com.cases.BaseCase] [INFO] - -----响应断言成功------
2020-12-22 21:03:24 [main] [com.cases.BaseCase] [INFO] - -----执行用例,用例编号: 3,用例标题: 新建二级场景的事件-----
2020-12-22 21:03:24 [main] [com.cases.BaseCase] [INFO] - -----响应断言成功------
2020-12-22 21:03:25 [main] [com.utils.HttpUtils] [INFO] - 请求连接：http://10.100.1.129:7150/ss/sdm/rs/sd/config/event/deleteEvent?ids=28si062qjrt0
2020-12-22 21:03:25 [main] [com.cases.BaseCase] [INFO] - -----执行用例,用例编号: 4,用例标题: 二级场景事件删除-----
2020-12-22 21:03:25 [main] [com.cases.BaseCase] [INFO] - -----响应断言成功------
2020-12-22 21:03:26 [main] [com.utils.HttpUtils] [INFO] - 请求连接：http://10.100.1.129:7150/ss/sdm/rs/sd/config/channel/delete?ids=scene02
2020-12-22 21:03:26 [main] [com.cases.BaseCase] [INFO] - -----执行用例,用例编号: 5,用例标题: 删除二级场景-----
2020-12-22 21:03:26 [main] [com.cases.BaseCase] [INFO] - -----响应断言成功------
2020-12-22 21:03:27 [main] [com.utils.HttpUtils] [INFO] - 请求连接：http://10.100.1.129:7150/ss/sdm/rs/sd/config/channel/delete?ids=scene01
2020-12-22 21:03:27 [main] [com.cases.BaseCase] [INFO] - -----执行用例,用例编号: 6,用例标题: 删除一级场景-----
2020-12-22 21:03:27 [main] [com.cases.BaseCase] [INFO] - -----响应断言成功------
2020-12-22 21:03:27 [main] [com.cases.BaseCase] [INFO] - Excel数据回写成功.
2020-12-22 21:04:05 [main] [com.cases.BaseCase] [INFO] - -----执行用例,用例编号: 1,用例标题: 新建验证策略，优先级输入0~10000的整数且不能重复-----
2020-12-22 21:04:05 [main] [com.cases.BaseCase] [INFO] - -----响应断言成功------
2020-12-22 21:04:05 [main] [com.cases.BaseCase] [INFO] - -----执行用例,用例编号: 2,用例标题: 查询验证策略列表中所有策略-----
2020-12-22 21:04:05 [main] [com.cases.BaseCase] [INFO] - -----响应断言成功------
2020-12-22 21:04:05 [main] [com.cases.BaseCase] [INFO] - -----执行用例,用例编号: 3,用例标题: 获取到针对某个id的验证策略信息-----
2020-12-22 21:04:05 [main] [com.cases.BaseCase] [INFO] - 字段1: 断言失败！正则表达式字段：$.data.priority,实际值：null，期望值：13
2020-12-22 21:04:05 [main] [com.cases.BaseCase] [INFO] - 字段2: 断言失败！正则表达式字段：$.data.updateBy,实际值：null，期望值：admin
2020-12-22 21:04:05 [main] [com.cases.BaseCase] [INFO] - 字段4: 断言失败！正则表达式字段：$.data.type,实际值：null，期望值：VERIFY
2020-12-22 21:04:05 [main] [com.cases.BaseCase] [INFO] - 字段5: 断言失败！正则表达式字段：$.data.createBy,实际值：null，期望值：admin
2020-12-22 21:04:05 [main] [com.cases.BaseCase] [INFO] - 字段6: 断言失败！正则表达式字段：$.data.createTime,实际值：null，期望值：1600065254590
2020-12-22 21:04:05 [main] [com.cases.BaseCase] [INFO] - 字段7: 断言失败！正则表达式字段：$.data.name,实际值：null，期望值：验证策略bysystest
2020-12-22 21:04:05 [main] [com.cases.BaseCase] [INFO] - 字段8: 断言失败！正则表达式字段：$.data.code,实际值：null，期望值：verifybysystest
2020-12-22 21:04:05 [main] [com.cases.BaseCase] [INFO] - 字段9: 断言失败！正则表达式字段：$.data.id,实际值：null，期望值：1pkl0d9dofs0
2020-12-22 21:04:05 [main] [com.cases.BaseCase] [INFO] - 字段10: 断言失败！正则表达式字段：$.data.sceneId,实际值：null，期望值：firstbysystest
2020-12-22 21:04:05 [main] [com.cases.BaseCase] [INFO] - -----响应断言失败!!------
2020-12-22 21:04:07 [main] [com.utils.HttpUtils] [INFO] - 请求连接：http://10.100.1.129:7150/ss/sdm/rs/sd/config/label/delete?ids=28si1gntjrt0&labelType=VERIFY
2020-12-22 21:04:07 [main] [com.cases.BaseCase] [INFO] - -----执行用例,用例编号: 4,用例标题: 根据id删除验证策略，支持批量-----
2020-12-22 21:04:07 [main] [com.cases.BaseCase] [INFO] - -----响应断言成功------
2020-12-22 21:04:07 [main] [com.cases.BaseCase] [INFO] - -----执行用例,用例编号: 5,用例标题: 查询分组策略列表中所有策略-----
2020-12-22 21:04:07 [main] [com.cases.BaseCase] [INFO] - -----响应断言成功------
2020-12-22 21:04:07 [main] [com.cases.BaseCase] [INFO] - -----执行用例,用例编号: 6,用例标题: 修改验证策略，代码不允许修改-----
2020-12-22 21:04:07 [main] [com.cases.BaseCase] [INFO] - -----响应断言成功------
2020-12-22 21:04:07 [main] [com.cases.BaseCase] [INFO] - -----执行用例,用例编号: 7,用例标题: 新建分组策略-----
2020-12-22 21:04:07 [main] [com.cases.BaseCase] [INFO] - -----响应断言成功------
2020-12-22 21:04:09 [main] [com.cases.BaseCase] [INFO] - -----执行用例,用例编号: 8,用例标题: 修改分组策略，代码不允许修改-----
2020-12-22 21:04:09 [main] [com.cases.BaseCase] [INFO] - -----响应断言成功------
2020-12-22 21:04:10 [main] [com.utils.HttpUtils] [INFO] - 请求连接：http://10.100.1.129:7150/ss/sdm/rs/sd/config/label/delete?ids=28si1jcfjrt0&labelType=GROUP
2020-12-22 21:04:10 [main] [com.cases.BaseCase] [INFO] - -----执行用例,用例编号: 9,用例标题: 根据id删除分组策略，支持批量-----
2020-12-22 21:04:10 [main] [com.cases.BaseCase] [INFO] - -----响应断言成功------
2020-12-22 21:04:10 [main] [com.cases.BaseCase] [INFO] - -----执行用例,用例编号: 10,用例标题: 查询风险类型列表-----
2020-12-22 21:04:10 [main] [com.cases.BaseCase] [INFO] - -----响应断言成功------
2020-12-22 21:04:10 [main] [com.cases.BaseCase] [INFO] - -----执行用例,用例编号: 11,用例标题: 新建风险类型-----
2020-12-22 21:04:10 [main] [com.cases.BaseCase] [INFO] - -----响应断言成功------
2020-12-22 21:04:10 [main] [com.cases.BaseCase] [INFO] - -----执行用例,用例编号: 12,用例标题: 更新风险类型-----
2020-12-22 21:04:10 [main] [com.cases.BaseCase] [INFO] - -----响应断言成功------
2020-12-22 21:04:11 [main] [com.utils.HttpUtils] [INFO] - 请求连接：http://10.100.1.129:7150/ss/sdm/rs/sd/config/label/delete?ids=28si1m1jjrt0&labelType=RISK_LEVEL
2020-12-22 21:04:11 [main] [com.cases.BaseCase] [INFO] - -----执行用例,用例编号: 13,用例标题: 删除风险类型-----
2020-12-22 21:04:11 [main] [com.cases.BaseCase] [INFO] - -----响应断言成功------
2020-12-22 21:04:12 [main] [com.cases.BaseCase] [INFO] - -----执行用例,用例编号: 1,用例标题: 新增一级场景-----
2020-12-22 21:04:12 [main] [com.cases.BaseCase] [INFO] - -----响应断言成功------
2020-12-22 21:04:12 [main] [com.cases.BaseCase] [INFO] - -----执行用例,用例编号: 2,用例标题: 新建二级场景-----
2020-12-22 21:04:12 [main] [com.cases.BaseCase] [INFO] - -----响应断言成功------
2020-12-22 21:04:16 [main] [com.cases.BaseCase] [INFO] - -----执行用例,用例编号: 3,用例标题: 新建二级场景的事件-----
2020-12-22 21:04:16 [main] [com.cases.BaseCase] [INFO] - -----响应断言成功------
2020-12-22 21:04:17 [main] [com.utils.HttpUtils] [INFO] - 请求连接：http://10.100.1.129:7150/ss/sdm/rs/sd/config/event/deleteEvent?ids=28si1oofjrt0
2020-12-22 21:04:17 [main] [com.cases.BaseCase] [INFO] - -----执行用例,用例编号: 4,用例标题: 二级场景事件删除-----
2020-12-22 21:04:17 [main] [com.cases.BaseCase] [INFO] - -----响应断言成功------
2020-12-22 21:04:17 [main] [com.utils.HttpUtils] [INFO] - 请求连接：http://10.100.1.129:7150/ss/sdm/rs/sd/config/channel/delete?ids=scene02
2020-12-22 21:04:17 [main] [com.cases.BaseCase] [INFO] - -----执行用例,用例编号: 5,用例标题: 删除二级场景-----
2020-12-22 21:04:17 [main] [com.cases.BaseCase] [INFO] - -----响应断言成功------
2020-12-22 21:04:19 [main] [com.utils.HttpUtils] [INFO] - 请求连接：http://10.100.1.129:7150/ss/sdm/rs/sd/config/channel/delete?ids=scene01
2020-12-22 21:04:19 [main] [com.cases.BaseCase] [INFO] - -----执行用例,用例编号: 6,用例标题: 删除一级场景-----
2020-12-22 21:04:19 [main] [com.cases.BaseCase] [INFO] - -----响应断言成功------
2020-12-22 21:04:19 [main] [com.cases.BaseCase] [INFO] - Excel数据回写成功.
2020-12-22 21:08:43 [main] [com.cases.BaseCase] [INFO] - -----执行用例,用例编号: 1,用例标题: 新建验证策略，优先级输入0~10000的整数且不能重复-----
2020-12-22 21:08:43 [main] [com.cases.BaseCase] [INFO] - -----响应断言成功------
2020-12-22 21:08:43 [main] [com.cases.BaseCase] [INFO] - -----执行用例,用例编号: 2,用例标题: 查询验证策略列表中所有策略-----
2020-12-22 21:08:43 [main] [com.cases.BaseCase] [INFO] - -----响应断言成功------
2020-12-22 21:08:44 [main] [com.cases.BaseCase] [INFO] - -----执行用例,用例编号: 3,用例标题: 获取到针对某个id的验证策略信息-----
2020-12-22 21:08:44 [main] [com.cases.BaseCase] [INFO] - 字段1: 断言失败！正则表达式字段：$.data.priority,实际值：null，期望值：13
2020-12-22 21:08:44 [main] [com.cases.BaseCase] [INFO] - 字段2: 断言失败！正则表达式字段：$.data.updateBy,实际值：null，期望值：admin
2020-12-22 21:08:44 [main] [com.cases.BaseCase] [INFO] - 字段4: 断言失败！正则表达式字段：$.data.type,实际值：null，期望值：VERIFY
2020-12-22 21:08:44 [main] [com.cases.BaseCase] [INFO] - 字段5: 断言失败！正则表达式字段：$.data.createBy,实际值：null，期望值：admin
2020-12-22 21:08:44 [main] [com.cases.BaseCase] [INFO] - 字段6: 断言失败！正则表达式字段：$.data.createTime,实际值：null，期望值：1600065254590
2020-12-22 21:08:44 [main] [com.cases.BaseCase] [INFO] - 字段7: 断言失败！正则表达式字段：$.data.name,实际值：null，期望值：验证策略bysystest
2020-12-22 21:08:44 [main] [com.cases.BaseCase] [INFO] - 字段8: 断言失败！正则表达式字段：$.data.code,实际值：null，期望值：verifybysystest
2020-12-22 21:08:44 [main] [com.cases.BaseCase] [INFO] - 字段9: 断言失败！正则表达式字段：$.data.id,实际值：null，期望值：1pkl0d9dofs0
2020-12-22 21:08:44 [main] [com.cases.BaseCase] [INFO] - 字段10: 断言失败！正则表达式字段：$.data.sceneId,实际值：null，期望值：firstbysystest
2020-12-22 21:08:44 [main] [com.cases.BaseCase] [INFO] - -----响应断言失败!!------
2020-12-22 21:08:44 [main] [com.utils.HttpUtils] [INFO] - 请求连接：http://10.100.1.129:7150/ss/sdm/rs/sd/config/label/delete?ids=28sia0fejrt0&labelType=VERIFY
2020-12-22 21:08:44 [main] [com.cases.BaseCase] [INFO] - -----执行用例,用例编号: 4,用例标题: 根据id删除验证策略，支持批量-----
2020-12-22 21:08:44 [main] [com.cases.BaseCase] [INFO] - -----响应断言成功------
2020-12-22 21:08:45 [main] [com.cases.BaseCase] [INFO] - -----执行用例,用例编号: 5,用例标题: 查询分组策略列表中所有策略-----
2020-12-22 21:08:45 [main] [com.cases.BaseCase] [INFO] - -----响应断言成功------
2020-12-22 21:08:45 [main] [com.cases.BaseCase] [INFO] - -----执行用例,用例编号: 6,用例标题: 修改验证策略，代码不允许修改-----
2020-12-22 21:08:45 [main] [com.cases.BaseCase] [INFO] - -----响应断言成功------
2020-12-22 21:08:45 [main] [com.cases.BaseCase] [INFO] - -----执行用例,用例编号: 7,用例标题: 新建分组策略-----
2020-12-22 21:08:45 [main] [com.cases.BaseCase] [INFO] - -----响应断言成功------
2020-12-22 21:08:45 [main] [com.cases.BaseCase] [INFO] - -----执行用例,用例编号: 8,用例标题: 修改分组策略，代码不允许修改-----
2020-12-22 21:08:45 [main] [com.cases.BaseCase] [INFO] - -----响应断言成功------
2020-12-22 21:08:46 [main] [com.utils.HttpUtils] [INFO] - 请求连接：http://10.100.1.129:7150/ss/sdm/rs/sd/config/label/delete?ids=28sia2dqjrt0&labelType=GROUP
2020-12-22 21:08:46 [main] [com.cases.BaseCase] [INFO] - -----执行用例,用例编号: 9,用例标题: 根据id删除分组策略，支持批量-----
2020-12-22 21:08:46 [main] [com.cases.BaseCase] [INFO] - -----响应断言成功------
2020-12-22 21:08:47 [main] [com.cases.BaseCase] [INFO] - -----执行用例,用例编号: 10,用例标题: 查询风险类型列表-----
2020-12-22 21:08:47 [main] [com.cases.BaseCase] [INFO] - -----响应断言成功------
2020-12-22 21:08:47 [main] [com.cases.BaseCase] [INFO] - -----执行用例,用例编号: 11,用例标题: 新建风险类型-----
2020-12-22 21:08:47 [main] [com.cases.BaseCase] [INFO] - -----响应断言成功------
2020-12-22 21:08:47 [main] [com.cases.BaseCase] [INFO] - -----执行用例,用例编号: 12,用例标题: 更新风险类型-----
2020-12-22 21:08:47 [main] [com.cases.BaseCase] [INFO] - -----响应断言成功------
2020-12-22 21:08:48 [main] [com.utils.HttpUtils] [INFO] - 请求连接：http://10.100.1.129:7150/ss/sdm/rs/sd/config/label/delete?ids=28sia441jrt0&labelType=RISK_LEVEL
2020-12-22 21:08:48 [main] [com.cases.BaseCase] [INFO] - -----执行用例,用例编号: 13,用例标题: 删除风险类型-----
2020-12-22 21:08:48 [main] [com.cases.BaseCase] [INFO] - -----响应断言成功------
2020-12-22 21:08:49 [main] [com.cases.BaseCase] [INFO] - -----执行用例,用例编号: 1,用例标题: 新增一级场景-----
2020-12-22 21:08:49 [main] [com.cases.BaseCase] [INFO] - -----响应断言成功------
2020-12-22 21:08:49 [main] [com.cases.BaseCase] [INFO] - -----执行用例,用例编号: 2,用例标题: 新建二级场景-----
2020-12-22 21:08:49 [main] [com.cases.BaseCase] [INFO] - -----响应断言成功------
2020-12-22 21:08:52 [main] [com.cases.BaseCase] [INFO] - -----执行用例,用例编号: 3,用例标题: 新建二级场景的事件-----
2020-12-22 21:08:52 [main] [com.cases.BaseCase] [INFO] - -----响应断言成功------
2020-12-22 21:08:52 [main] [com.utils.HttpUtils] [INFO] - 请求连接：http://10.100.1.129:7150/ss/sdm/rs/sd/config/event/deleteEvent?ids=28sia6q4jrt0
2020-12-22 21:08:52 [main] [com.cases.BaseCase] [INFO] - -----执行用例,用例编号: 4,用例标题: 二级场景事件删除-----
2020-12-22 21:08:52 [main] [com.cases.BaseCase] [INFO] - -----响应断言成功------
2020-12-22 21:08:53 [main] [com.utils.HttpUtils] [INFO] - 请求连接：http://10.100.1.129:7150/ss/sdm/rs/sd/config/channel/delete?ids=scene02
2020-12-22 21:08:53 [main] [com.cases.BaseCase] [INFO] - -----执行用例,用例编号: 5,用例标题: 删除二级场景-----
2020-12-22 21:08:53 [main] [com.cases.BaseCase] [INFO] - -----响应断言成功------
2020-12-22 21:08:54 [main] [com.utils.HttpUtils] [INFO] - 请求连接：http://10.100.1.129:7150/ss/sdm/rs/sd/config/channel/delete?ids=scene01
2020-12-22 21:08:54 [main] [com.cases.BaseCase] [INFO] - -----执行用例,用例编号: 6,用例标题: 删除一级场景-----
2020-12-22 21:08:54 [main] [com.cases.BaseCase] [INFO] - -----响应断言成功------
2020-12-22 21:08:54 [main] [com.cases.BaseCase] [INFO] - Excel数据回写成功.
2020-12-22 21:12:00 [main] [com.cases.BaseCase] [INFO] - -----执行用例,用例编号: 1,用例标题: 新建验证策略，优先级输入0~10000的整数且不能重复-----
2020-12-22 21:12:00 [main] [com.cases.BaseCase] [INFO] - -----响应断言成功------
2020-12-22 21:12:00 [main] [com.cases.BaseCase] [INFO] - -----执行用例,用例编号: 2,用例标题: 查询验证策略列表中所有策略-----
2020-12-22 21:12:00 [main] [com.cases.BaseCase] [INFO] - -----响应断言成功------
2020-12-22 21:12:00 [main] [com.cases.BaseCase] [INFO] - -----执行用例,用例编号: 3,用例标题: 获取到针对某个id的验证策略信息-----
2020-12-22 21:12:00 [main] [com.cases.BaseCase] [INFO] - 字段1: 断言失败！正则表达式字段：$.data.priority,实际值：null，期望值：13
2020-12-22 21:12:00 [main] [com.cases.BaseCase] [INFO] - 字段2: 断言失败！正则表达式字段：$.data.updateBy,实际值：null，期望值：admin
2020-12-22 21:12:00 [main] [com.cases.BaseCase] [INFO] - 字段4: 断言失败！正则表达式字段：$.data.type,实际值：null，期望值：VERIFY
2020-12-22 21:12:00 [main] [com.cases.BaseCase] [INFO] - 字段5: 断言失败！正则表达式字段：$.data.createBy,实际值：null，期望值：admin
2020-12-22 21:12:00 [main] [com.cases.BaseCase] [INFO] - 字段6: 断言失败！正则表达式字段：$.data.createTime,实际值：null，期望值：1600065254590
2020-12-22 21:12:00 [main] [com.cases.BaseCase] [INFO] - 字段7: 断言失败！正则表达式字段：$.data.name,实际值：null，期望值：验证策略bysystest
2020-12-22 21:12:00 [main] [com.cases.BaseCase] [INFO] - 字段8: 断言失败！正则表达式字段：$.data.code,实际值：null，期望值：verifybysystest
2020-12-22 21:12:00 [main] [com.cases.BaseCase] [INFO] - 字段9: 断言失败！正则表达式字段：$.data.id,实际值：null，期望值：1pkl0d9dofs0
2020-12-22 21:12:00 [main] [com.cases.BaseCase] [INFO] - 字段10: 断言失败！正则表达式字段：$.data.sceneId,实际值：null，期望值：firstbysystest
2020-12-22 21:12:00 [main] [com.cases.BaseCase] [INFO] - -----响应断言失败!!------
2020-12-22 21:12:02 [main] [com.utils.HttpUtils] [INFO] - 请求连接：http://10.100.1.129:7150/ss/sdm/rs/sd/config/label/delete?ids=28sig0d4jrt0&labelType=VERIFY
2020-12-22 21:12:02 [main] [com.cases.BaseCase] [INFO] - -----执行用例,用例编号: 4,用例标题: 根据id删除验证策略，支持批量-----
2020-12-22 21:12:02 [main] [com.cases.BaseCase] [INFO] - -----响应断言成功------
2020-12-22 21:12:02 [main] [com.cases.BaseCase] [INFO] - -----执行用例,用例编号: 5,用例标题: 查询分组策略列表中所有策略-----
2020-12-22 21:12:02 [main] [com.cases.BaseCase] [INFO] - -----响应断言成功------
2020-12-22 21:12:02 [main] [com.cases.BaseCase] [INFO] - -----执行用例,用例编号: 6,用例标题: 修改验证策略，代码不允许修改-----
2020-12-22 21:12:02 [main] [com.cases.BaseCase] [INFO] - -----响应断言成功------
2020-12-22 21:12:02 [main] [com.cases.BaseCase] [INFO] - -----执行用例,用例编号: 7,用例标题: 新建分组策略-----
2020-12-22 21:12:02 [main] [com.cases.BaseCase] [INFO] - -----响应断言成功------
2020-12-22 21:12:03 [main] [com.cases.BaseCase] [INFO] - -----执行用例,用例编号: 8,用例标题: 修改分组策略，代码不允许修改-----
2020-12-22 21:12:03 [main] [com.cases.BaseCase] [INFO] - -----响应断言成功------
2020-12-22 21:12:03 [main] [com.utils.HttpUtils] [INFO] - 请求连接：http://10.100.1.129:7150/ss/sdm/rs/sd/config/label/delete?ids=28sig373jrt0&labelType=GROUP
2020-12-22 21:12:03 [main] [com.cases.BaseCase] [INFO] - -----执行用例,用例编号: 9,用例标题: 根据id删除分组策略，支持批量-----
2020-12-22 21:12:03 [main] [com.cases.BaseCase] [INFO] - -----响应断言成功------
2020-12-22 21:12:04 [main] [com.cases.BaseCase] [INFO] - -----执行用例,用例编号: 10,用例标题: 查询风险类型列表-----
2020-12-22 21:12:04 [main] [com.cases.BaseCase] [INFO] - -----响应断言成功------
2020-12-22 21:12:04 [main] [com.cases.BaseCase] [INFO] - -----执行用例,用例编号: 11,用例标题: 新建风险类型-----
2020-12-22 21:12:04 [main] [com.cases.BaseCase] [INFO] - -----响应断言成功------
2020-12-22 21:12:04 [main] [com.cases.BaseCase] [INFO] - -----执行用例,用例编号: 12,用例标题: 更新风险类型-----
2020-12-22 21:12:04 [main] [com.cases.BaseCase] [INFO] - -----响应断言成功------
2020-12-22 21:12:05 [main] [com.utils.HttpUtils] [INFO] - 请求连接：http://10.100.1.129:7150/ss/sdm/rs/sd/config/label/delete?ids=28sig4lfjrt0&labelType=RISK_LEVEL
2020-12-22 21:12:05 [main] [com.cases.BaseCase] [INFO] - -----执行用例,用例编号: 13,用例标题: 删除风险类型-----
2020-12-22 21:12:05 [main] [com.cases.BaseCase] [INFO] - -----响应断言成功------
2020-12-22 21:12:06 [main] [com.cases.BaseCase] [INFO] - -----执行用例,用例编号: 1,用例标题: 新增一级场景-----
2020-12-22 21:12:06 [main] [com.cases.BaseCase] [INFO] - -----响应断言成功------
2020-12-22 21:12:06 [main] [com.cases.BaseCase] [INFO] - -----执行用例,用例编号: 2,用例标题: 新建二级场景-----
2020-12-22 21:12:06 [main] [com.cases.BaseCase] [INFO] - -----响应断言成功------
2020-12-22 21:12:09 [main] [com.cases.BaseCase] [INFO] - -----执行用例,用例编号: 3,用例标题: 新建二级场景的事件-----
2020-12-22 21:12:09 [main] [com.cases.BaseCase] [INFO] - -----响应断言成功------
2020-12-22 21:12:10 [main] [com.utils.HttpUtils] [INFO] - 请求连接：http://10.100.1.129:7150/ss/sdm/rs/sd/config/event/deleteEvent?ids=28sig7d8jrt0
2020-12-22 21:12:10 [main] [com.cases.BaseCase] [INFO] - -----执行用例,用例编号: 4,用例标题: 二级场景事件删除-----
2020-12-22 21:12:10 [main] [com.cases.BaseCase] [INFO] - -----响应断言成功------
2020-12-22 21:12:11 [main] [com.utils.HttpUtils] [INFO] - 请求连接：http://10.100.1.129:7150/ss/sdm/rs/sd/config/channel/delete?ids=scene02
2020-12-22 21:12:11 [main] [com.cases.BaseCase] [INFO] - -----执行用例,用例编号: 5,用例标题: 删除二级场景-----
2020-12-22 21:12:11 [main] [com.cases.BaseCase] [INFO] - -----响应断言成功------
2020-12-22 21:12:11 [main] [com.utils.HttpUtils] [INFO] - 请求连接：http://10.100.1.129:7150/ss/sdm/rs/sd/config/channel/delete?ids=scene01
2020-12-22 21:12:11 [main] [com.cases.BaseCase] [INFO] - -----执行用例,用例编号: 6,用例标题: 删除一级场景-----
2020-12-22 21:12:11 [main] [com.cases.BaseCase] [INFO] - -----响应断言成功------
2020-12-22 21:12:12 [main] [com.cases.BaseCase] [INFO] - Excel数据回写成功.
